Nov. 26, 2018 9:42:06 NACHM. com.wachs.main.dataAcess.dataAccessConfigurations.Util.ApplicationLogger logging
INFO: SELECT FK_id, INT_nights, ID_guest, ID_house from TBL_DRINKS WHERE ID_guest = 1 AND ID_house = 1
Nov. 26, 2018 9:44:01 NACHM. com.wachs.main.dataAcess.dataAccessConfigurations.Util.ApplicationLogger loggingQueries
INFO: SELECT FK_id, INT_nights, ID_guest, ID_house from TBL_DRINKS WHERE ID_guest = 1 AND ID_house = 1
[2018-11-26 21:47:47] [INFO   ] SELECT FK_id, INT_nights, ID_guest, ID_house from TBL_DRINKS WHERE ID_guest = 1 AND ID_house = 1 
[2018-11-26 21:48:39] [INFO   ] SELECT FK_id, INT_nights, ID_guest, ID_house from TBL_DRINKS WHERE ID_guest = 1 AND ID_house = 1[2018-11-26 21:49:06] [INFO   ] 
[2018-11-29 14:59:01] [INFORMATION] SELECT * FROM TBL_HOUSE 
[2018-11-29 15:52:21] [INFORMATION] SELECT * FROM TBL_HOUSE 
[2018-11-29 15:52:27] [INFORMATION] SELECT * FROM TBL_HOUSE 
[2018-12-17 14:17:58] [INFORMATION] SELECT * FROM TBL_HOUSE 
[2018-12-17 14:45:22] [INFORMATION] SELECT * FROM TBL_HOUSE 
[2019-01-25 17:26:35] [INFORMATION] SELECT FK_id, REAL_spend, TXT_reason, TXT_when, ID_guest, ID_house from TBL_EXPENSE WHERE ID_guest = 502 AND ID_house = 51 
[2019-01-25 17:26:35] [INFORMATION] SELECT FK_id, REAL_spend, TXT_reason, TXT_when, ID_guest, ID_house from TBL_EXPENSE WHERE ID_guest = 503 AND ID_house = 51 
[2019-01-25 17:27:30] [INFORMATION] SELECT FK_id, REAL_spend, TXT_reason, TXT_when, ID_guest, ID_house from TBL_EXPENSE WHERE ID_guest = 541 AND ID_house = 55 
[2019-01-25 17:27:30] [INFORMATION] SELECT FK_id, REAL_spend, TXT_reason, TXT_when, ID_guest, ID_house from TBL_EXPENSE WHERE ID_guest = 542 AND ID_house = 55 
[2019-01-26 13:13:56] [INFO   ] SELECT FK_id, REAL_spend, TXT_reason, TXT_when, ID_guest, ID_house from TBL_EXPENSE WHERE ID_guest = 580 AND ID_house = 59 
[2019-01-26 13:13:56] [INFO   ] SELECT FK_id, REAL_spend, TXT_reason, TXT_when, ID_guest, ID_house from TBL_EXPENSE WHERE ID_guest = 581 AND ID_house = 59 
[2019-01-26 14:48:57] [INFO   ] SELECT FK_id, REAL_spend, TXT_reason, TXT_when, ID_guest, ID_house from TBL_EXPENSE WHERE ID_guest = 619 AND ID_house = 63 
[2019-01-26 14:48:57] [INFO   ] SELECT FK_id, REAL_spend, TXT_reason, TXT_when, ID_guest, ID_house from TBL_EXPENSE WHERE ID_guest = 620 AND ID_house = 63 
[2019-01-26 15:07:54] [INFO   ] SELECT FK_id, REAL_spend, TXT_reason, TXT_when, ID_guest, ID_house from TBL_EXPENSE WHERE ID_guest = 1 AND ID_house = 1 
[2019-01-26 15:25:06] [INFO   ] SELECT FK_id, REAL_spend, TXT_reason, TXT_when, ID_guest, ID_house from TBL_EXPENSE WHERE ID_guest = 638 AND ID_house = 63 
[2019-01-26 15:25:06] [INFO   ] SELECT FK_id, REAL_spend, TXT_reason, TXT_when, ID_guest, ID_house from TBL_EXPENSE WHERE ID_guest = 639 AND ID_house = 63 
[2019-01-26 15:25:06] [INFO   ] SELECT FK_id, REAL_spend, TXT_reason, TXT_when, ID_guest, ID_house from TBL_EXPENSE WHERE ID_guest = 1 AND ID_house = 1 
[2019-01-26 15:27:42] [INFO   ] SELECT FK_id, REAL_spend, TXT_reason, TXT_when, ID_guest, ID_house from TBL_EXPENSE WHERE ID_guest = 1 AND ID_house = 1 
[2019-01-26 15:30:01] [INFO   ] SELECT FK_id, REAL_spend, TXT_reason, TXT_when, ID_guest, ID_house from TBL_EXPENSE WHERE ID_guest = 1 AND ID_house = 1 
[2019-01-26 15:38:09] [INFO   ] SELECT FK_id, REAL_spend, TXT_reason, TXT_when, ID_guest, ID_house from TBL_EXPENSE WHERE ID_guest = 693 AND ID_house = 67 
[2019-01-26 15:38:09] [INFO   ] SELECT FK_id, REAL_spend, TXT_reason, TXT_when, ID_guest, ID_house from TBL_EXPENSE WHERE ID_guest = 694 AND ID_house = 67 
[2019-01-26 15:38:09] [INFO   ] SELECT FK_id, REAL_spend, TXT_reason, TXT_when, ID_guest, ID_house from TBL_EXPENSE WHERE ID_guest = 695 AND ID_house = 67 
[2019-01-26 15:38:09] [INFO   ] SELECT FK_id, REAL_spend, TXT_reason, TXT_when, ID_guest, ID_house from TBL_EXPENSE WHERE ID_guest = 696 AND ID_house = 67 
[2019-01-26 15:46:48] [INFO   ] SELECT FK_id, REAL_spend, TXT_reason, TXT_when, ID_guest, ID_house from TBL_EXPENSE WHERE ID_guest = 726 AND ID_house = 71 
[2019-01-26 15:48:22] [INFO   ] SELECT FK_id, REAL_spend, TXT_reason, TXT_when, ID_guest, ID_house from TBL_EXPENSE WHERE ID_guest = 727 AND ID_house = 71 
[2019-01-26 15:53:38] [INFO   ] SELECT FK_id, REAL_spend, TXT_reason, TXT_when, ID_guest, ID_house from TBL_EXPENSE WHERE ID_guest = 728 AND ID_house = 71 
[2019-01-29 02:04:28] [INFO   ] SELECT FK_id, REAL_spend, TXT_reason, TXT_when, ID_guest, ID_house from TBL_EXPENSE WHERE ID_guest = 815 AND ID_house = 79 
[2019-01-29 02:04:28] [INFO   ] SELECT FK_id, REAL_spend, TXT_reason, TXT_when, ID_guest, ID_house from TBL_EXPENSE WHERE ID_guest = 816 AND ID_house = 79 
[2019-01-29 02:04:28] [INFO   ] SELECT FK_id, REAL_spend, TXT_reason, TXT_when, ID_guest, ID_house from TBL_EXPENSE WHERE ID_guest = 817 AND ID_house = 79 
[2019-01-29 02:41:14] [INFO   ] SELECT FK_id, INT_nights, ID_guest, ID_house from TBL_FOOD WHERE ID_guest = 1 AND ID_house = 1 
[2019-02-06 15:06:18] [INFORMATION] SELECT * FROM TBL_HOUSE 
[2019-02-06 15:06:40] [INFORMATION] SELECT * FROM TBL_HOUSE 
[2019-02-06 16:19:46] [INFORMATION] SELECT * FROM TBL_HOUSE 
[2019-02-06 16:26:57] [INFORMATION] SELECT * FROM TBL_HOUSE 
[2019-02-06 16:26:57] [INFORMATION] SELECT * FROM TBL_GUEST 
[2019-02-06 16:43:22] [INFORMATION] SELECT * FROM TBL_HOUSE 
[2019-02-06 16:44:04] [INFORMATION] SELECT * FROM TBL_HOUSE 
[2019-02-06 16:51:21] [INFORMATION] SELECT * FROM TBL_HOUSE 
